d:\zding\anit12\software\factory\pwm version\pcrprojalpha523factory51pwm\debug\pcrproject.pch
d:\zding\anit12\software\factory\pwm version\pcrprojalpha523factory51pwm\debug\vc141.pdb
d:\zding\anit12\software\factory\pwm version\pcrprojalpha523factory51pwm\debug\vc141.idb
d:\zding\anit12\software\factory\pwm version\pcrprojalpha523factory51pwm\debug\stdafx.obj
d:\zding\anit12\software\factory\pwm version\pcrprojalpha523factory51pwm\debug\chartstandardaxis.obj
d:\zding\anit12\software\factory\pwm version\pcrprojalpha523factory51pwm\debug\chartserie.obj
d:\zding\anit12\software\factory\pwm version\pcrprojalpha523factory51pwm\debug\chartscrollbar.obj
d:\zding\anit12\software\factory\pwm version\pcrprojalpha523factory51pwm\debug\chartpointsserie.obj
d:\zding\anit12\software\factory\pwm version\pcrprojalpha523factory51pwm\debug\chartlogarithmicaxis.obj
d:\zding\anit12\software\factory\pwm version\pcrprojalpha523factory51pwm\debug\chartlineserie.obj
d:\zding\anit12\software\factory\pwm version\pcrprojalpha523factory51pwm\debug\chartlegend.obj
d:\zding\anit12\software\factory\pwm version\pcrprojalpha523factory51pwm\debug\chartgrid.obj
d:\zding\anit12\software\factory\pwm version\pcrprojalpha523factory51pwm\debug\chartgradient.obj
d:\zding\anit12\software\factory\pwm version\pcrprojalpha523factory51pwm\debug\chartganttserie.obj
d:\zding\anit12\software\factory\pwm version\pcrprojalpha523factory51pwm\debug\chartfont.obj
d:\zding\anit12\software\factory\pwm version\pcrprojalpha523factory51pwm\debug\chartdraglinecursor.obj
d:\zding\anit12\software\factory\pwm version\pcrprojalpha523factory51pwm\debug\chartdatetimeaxis.obj
d:\zding\anit12\software\factory\pwm version\pcrprojalpha523factory51pwm\debug\chartcursor.obj
d:\zding\anit12\software\factory\pwm version\pcrprojalpha523factory51pwm\debug\chartctrl.obj
d:\zding\anit12\software\factory\pwm version\pcrprojalpha523factory51pwm\debug\chartcrosshaircursor.obj
d:\zding\anit12\software\factory\pwm version\pcrprojalpha523factory51pwm\debug\chartcandlestickserie.obj
d:\zding\anit12\software\factory\pwm version\pcrprojalpha523factory51pwm\debug\chartbarserie.obj
d:\zding\anit12\software\factory\pwm version\pcrprojalpha523factory51pwm\debug\chartaxislabel.obj
d:\zding\anit12\software\factory\pwm version\pcrprojalpha523factory51pwm\debug\chartaxis.obj
d:\zding\anit12\software\factory\pwm version\pcrprojalpha523factory51pwm\debug\trimdlg.obj
d:\zding\anit12\software\factory\pwm version\pcrprojalpha523factory51pwm\debug\tempctrlmodel.obj
d:\zding\anit12\software\factory\pwm version\pcrprojalpha523factory51pwm\debug\systemconfig.obj
d:\zding\anit12\software\factory\pwm version\pcrprojalpha523factory51pwm\debug\regdlg.obj
d:\zding\anit12\software\factory\pwm version\pcrprojalpha523factory51pwm\debug\pcrprojectdlg.obj
d:\zding\anit12\software\factory\pwm version\pcrprojalpha523factory51pwm\debug\pcrproject.obj
d:\zding\anit12\software\factory\pwm version\pcrprojalpha523factory51pwm\debug\parsavedlg.obj
d:\zding\anit12\software\factory\pwm version\pcrprojalpha523factory51pwm\debug\operationdlg2.obj
d:\zding\anit12\software\factory\pwm version\pcrprojalpha523factory51pwm\debug\operationdlg.obj
d:\zding\anit12\software\factory\pwm version\pcrprojalpha523factory51pwm\debug\mathround.obj
d:\zding\anit12\software\factory\pwm version\pcrprojalpha523factory51pwm\debug\manudlg.obj
d:\zding\anit12\software\factory\pwm version\pcrprojalpha523factory51pwm\debug\json_writer.obj
d:\zding\anit12\software\factory\pwm version\pcrprojalpha523factory51pwm\debug\json_value.obj
d:\zding\anit12\software\factory\pwm version\pcrprojalpha523factory51pwm\debug\json_reader.obj
d:\zding\anit12\software\factory\pwm version\pcrprojalpha523factory51pwm\debug\inttimedlg.obj
d:\zding\anit12\software\factory\pwm version\pcrprojalpha523factory51pwm\debug\gradlg.obj
d:\zding\anit12\software\factory\pwm version\pcrprojalpha523factory51pwm\debug\curveshow.obj
d:\zding\anit12\software\factory\pwm version\pcrprojalpha523factory51pwm\debug\chartxyserie.obj
d:\zding\anit12\software\factory\pwm version\pcrprojalpha523factory51pwm\debug\charttitle.obj
d:\zding\anit12\software\factory\pwm version\pcrprojalpha523factory51pwm\debug\chartsurfaceserie.obj
d:\zding\anit12\software\factory\pwm version\pcrprojalpha523factory51pwm\debug\versionshow.obj
d:\zding\anit12\software\factory\pwm version\pcrprojalpha523factory51pwm\debug\trimreader.obj
d:\zding\anit12\software\factory\pwm version\pcrprojalpha523factory52pwm\debug\pcrproject.pch
d:\zding\anit12\software\factory\pwm version\pcrprojalpha523factory52pwm\debug\vc141.pdb
d:\zding\anit12\software\factory\pwm version\pcrprojalpha523factory52pwm\debug\vc141.idb
d:\zding\anit12\software\factory\pwm version\pcrprojalpha523factory52pwm\debug\stdafx.obj
d:\zding\anit12\software\factory\pwm version\pcrprojalpha523factory52pwm\debug\chartstandardaxis.obj
d:\zding\anit12\software\factory\pwm version\pcrprojalpha523factory52pwm\debug\chartserie.obj
d:\zding\anit12\software\factory\pwm version\pcrprojalpha523factory52pwm\debug\chartscrollbar.obj
d:\zding\anit12\software\factory\pwm version\pcrprojalpha523factory52pwm\debug\chartpointsserie.obj
d:\zding\anit12\software\factory\pwm version\pcrprojalpha523factory52pwm\debug\chartlogarithmicaxis.obj
d:\zding\anit12\software\factory\pwm version\pcrprojalpha523factory52pwm\debug\chartlineserie.obj
d:\zding\anit12\software\factory\pwm version\pcrprojalpha523factory52pwm\debug\chartlegend.obj
d:\zding\anit12\software\factory\pwm version\pcrprojalpha523factory52pwm\debug\chartgrid.obj
d:\zding\anit12\software\factory\pwm version\pcrprojalpha523factory52pwm\debug\chartgradient.obj
d:\zding\anit12\software\factory\pwm version\pcrprojalpha523factory52pwm\debug\chartganttserie.obj
d:\zding\anit12\software\factory\pwm version\pcrprojalpha523factory52pwm\debug\chartfont.obj
d:\zding\anit12\software\factory\pwm version\pcrprojalpha523factory52pwm\debug\chartdraglinecursor.obj
d:\zding\anit12\software\factory\pwm version\pcrprojalpha523factory52pwm\debug\chartdatetimeaxis.obj
d:\zding\anit12\software\factory\pwm version\pcrprojalpha523factory52pwm\debug\chartcursor.obj
d:\zding\anit12\software\factory\pwm version\pcrprojalpha523factory52pwm\debug\chartctrl.obj
d:\zding\anit12\software\factory\pwm version\pcrprojalpha523factory52pwm\debug\chartcrosshaircursor.obj
d:\zding\anit12\software\factory\pwm version\pcrprojalpha523factory52pwm\debug\chartcandlestickserie.obj
d:\zding\anit12\software\factory\pwm version\pcrprojalpha523factory52pwm\debug\chartbarserie.obj
d:\zding\anit12\software\factory\pwm version\pcrprojalpha523factory52pwm\debug\chartaxislabel.obj
d:\zding\anit12\software\factory\pwm version\pcrprojalpha523factory52pwm\debug\chartaxis.obj
d:\zding\anit12\software\factory\pwm version\pcrprojalpha523factory52pwm\debug\trimdlg.obj
d:\zding\anit12\software\factory\pwm version\pcrprojalpha523factory52pwm\debug\tempctrlmodel.obj
d:\zding\anit12\software\factory\pwm version\pcrprojalpha523factory52pwm\debug\systemconfig.obj
d:\zding\anit12\software\factory\pwm version\pcrprojalpha523factory52pwm\debug\regdlg.obj
d:\zding\anit12\software\factory\pwm version\pcrprojalpha523factory52pwm\debug\pcrprojectdlg.obj
d:\zding\anit12\software\factory\pwm version\pcrprojalpha523factory52pwm\debug\pcrproject.obj
d:\zding\anit12\software\factory\pwm version\pcrprojalpha523factory52pwm\debug\parsavedlg.obj
d:\zding\anit12\software\factory\pwm version\pcrprojalpha523factory52pwm\debug\operationdlg2.obj
d:\zding\anit12\software\factory\pwm version\pcrprojalpha523factory52pwm\debug\operationdlg.obj
d:\zding\anit12\software\factory\pwm version\pcrprojalpha523factory52pwm\debug\mathround.obj
d:\zding\anit12\software\factory\pwm version\pcrprojalpha523factory52pwm\debug\manudlg.obj
d:\zding\anit12\software\factory\pwm version\pcrprojalpha523factory52pwm\debug\json_writer.obj
d:\zding\anit12\software\factory\pwm version\pcrprojalpha523factory52pwm\debug\json_value.obj
d:\zding\anit12\software\factory\pwm version\pcrprojalpha523factory52pwm\debug\json_reader.obj
d:\zding\anit12\software\factory\pwm version\pcrprojalpha523factory52pwm\debug\inttimedlg.obj
d:\zding\anit12\software\factory\pwm version\pcrprojalpha523factory52pwm\debug\gradlg.obj
d:\zding\anit12\software\factory\pwm version\pcrprojalpha523factory52pwm\debug\curveshow.obj
d:\zding\anit12\software\factory\pwm version\pcrprojalpha523factory52pwm\debug\chartxyserie.obj
d:\zding\anit12\software\factory\pwm version\pcrprojalpha523factory52pwm\debug\charttitle.obj
d:\zding\anit12\software\factory\pwm version\pcrprojalpha523factory52pwm\debug\chartsurfaceserie.obj
d:\zding\anit12\software\factory\pwm version\pcrprojalpha523factory52pwm\debug\versionshow.obj
d:\zding\anit12\software\factory\pwm version\pcrprojalpha523factory52pwm\debug\trimreader.obj
d:\zding\anit12\software\factory\pwm version\pcrprojalpha523factory51pwm\debug\pcrproject.ilk
d:\zding\anit12\software\factory\pwm version\pcrprojalpha523factory51pwm\debug\pcrproject.exe
d:\zding\anit12\software\factory\pwm version\pcrprojalpha523factory51pwm\debug\pcrproject.pdb
d:\zding\anit12\software\factory\pwm version\pcrprojalpha523factory52pwm\debug\pcrproject.exe
d:\zding\anit12\software\factory\pwm version\pcrprojalpha523factory52pwm\debug\pcrproject.ilk
d:\zding\anit12\software\factory\pwm version\pcrprojalpha523factory52pwm\debug\pcrproject.pdb
d:\zding\anit12\software\factory\pwm version\pcrprojalpha523factory51pwm\debug\pcrproject.res
d:\zding\anit12\software\factory\pwm version\pcrprojalpha523factory52pwm\debug\pcrproject.res
d:\zding\anit12\software\factory\pwm version\pcrprojalpha523factory52pwm\debug\pcrproject.tlog\cl.command.1.tlog
d:\zding\anit12\software\factory\pwm version\pcrprojalpha523factory52pwm\debug\pcrproject.tlog\cl.read.1.tlog
d:\zding\anit12\software\factory\pwm version\pcrprojalpha523factory52pwm\debug\pcrproject.tlog\cl.write.1.tlog
d:\zding\anit12\software\factory\pwm version\pcrprojalpha523factory52pwm\debug\pcrproject.tlog\link.command.1.tlog
d:\zding\anit12\software\factory\pwm version\pcrprojalpha523factory52pwm\debug\pcrproject.tlog\link.read.1.tlog
d:\zding\anit12\software\factory\pwm version\pcrprojalpha523factory52pwm\debug\pcrproject.tlog\link.write.1.tlog
d:\zding\anit12\software\factory\pwm version\pcrprojalpha523factory52pwm\debug\pcrproject.tlog\rc.command.1.tlog
d:\zding\anit12\software\factory\pwm version\pcrprojalpha523factory52pwm\debug\pcrproject.tlog\rc.read.1.tlog
d:\zding\anit12\software\factory\pwm version\pcrprojalpha523factory52pwm\debug\pcrproject.tlog\rc.write.1.tlog
