  PCRProjectDlg.cpp
c:\users\zding\documents\workarea\from p1\factory\pcrprojalpha53factory2020-01\pcrprojectdlg.cpp(736): warning C4566: character represented by universal-character-name '\u8BBE' cannot be represented in the current code page (1252)
c:\users\zding\documents\workarea\from p1\factory\pcrprojalpha53factory2020-01\pcrprojectdlg.cpp(736): warning C4566: character represented by universal-character-name '\u5907' cannot be represented in the current code page (1252)
c:\users\zding\documents\workarea\from p1\factory\pcrprojalpha53factory2020-01\pcrprojectdlg.cpp(736): warning C4566: character represented by universal-character-name '\u6CA1' cannot be represented in the current code page (1252)
c:\users\zding\documents\workarea\from p1\factory\pcrprojalpha53factory2020-01\pcrprojectdlg.cpp(736): warning C4566: character represented by universal-character-name '\u6709' cannot be represented in the current code page (1252)
c:\users\zding\documents\workarea\from p1\factory\pcrprojalpha53factory2020-01\pcrprojectdlg.cpp(736): warning C4566: character represented by universal-character-name '\u63A5' cannot be represented in the current code page (1252)
c:\users\zding\documents\workarea\from p1\factory\pcrprojalpha53factory2020-01\pcrprojectdlg.cpp(736): warning C4566: character represented by universal-character-name '\u4E0A' cannot be represented in the current code page (1252)
c:\users\zding\documents\workarea\from p1\factory\pcrprojalpha53factory2020-01\pcrprojectdlg.cpp(757): warning C4566: character represented by universal-character-name '\u8BBE' cannot be represented in the current code page (1252)
c:\users\zding\documents\workarea\from p1\factory\pcrprojalpha53factory2020-01\pcrprojectdlg.cpp(757): warning C4566: character represented by universal-character-name '\u5907' cannot be represented in the current code page (1252)
c:\users\zding\documents\workarea\from p1\factory\pcrprojalpha53factory2020-01\pcrprojectdlg.cpp(757): warning C4566: character represented by universal-character-name '\u63A5' cannot be represented in the current code page (1252)
c:\users\zding\documents\workarea\from p1\factory\pcrprojalpha53factory2020-01\pcrprojectdlg.cpp(757): warning C4566: character represented by universal-character-name '\u4E0A' cannot be represented in the current code page (1252)
c:\users\zding\documents\workarea\from p1\factory\pcrprojalpha53factory2020-01\pcrprojectdlg.cpp(757): warning C4566: character represented by universal-character-name '\u6210' cannot be represented in the current code page (1252)
c:\users\zding\documents\workarea\from p1\factory\pcrprojalpha53factory2020-01\pcrprojectdlg.cpp(757): warning C4566: character represented by universal-character-name '\u529F' cannot be represented in the current code page (1252)
c:\users\zding\documents\workarea\from p1\factory\pcrprojalpha53factory2020-01\pcrprojectdlg.cpp(770): warning C4566: character represented by universal-character-name '\u8BBE' cannot be represented in the current code page (1252)
c:\users\zding\documents\workarea\from p1\factory\pcrprojalpha53factory2020-01\pcrprojectdlg.cpp(770): warning C4566: character represented by universal-character-name '\u5907' cannot be represented in the current code page (1252)
c:\users\zding\documents\workarea\from p1\factory\pcrprojalpha53factory2020-01\pcrprojectdlg.cpp(770): warning C4566: character represented by universal-character-name '\u6CA1' cannot be represented in the current code page (1252)
c:\users\zding\documents\workarea\from p1\factory\pcrprojalpha53factory2020-01\pcrprojectdlg.cpp(770): warning C4566: character represented by universal-character-name '\u6709' cannot be represented in the current code page (1252)
c:\users\zding\documents\workarea\from p1\factory\pcrprojalpha53factory2020-01\pcrprojectdlg.cpp(770): warning C4566: character represented by universal-character-name '\u63A5' cannot be represented in the current code page (1252)
c:\users\zding\documents\workarea\from p1\factory\pcrprojalpha53factory2020-01\pcrprojectdlg.cpp(770): warning C4566: character represented by universal-character-name '\u4E0A' cannot be represented in the current code page (1252)
c:\users\zding\documents\workarea\from p1\factory\pcrprojalpha53factory2020-01\pcrprojectdlg.cpp(2215): warning C4566: character represented by universal-character-name '\u4E3B' cannot be represented in the current code page (1252)
c:\users\zding\documents\workarea\from p1\factory\pcrprojalpha53factory2020-01\pcrprojectdlg.cpp(2215): warning C4566: character represented by universal-character-name '\u63A7' cannot be represented in the current code page (1252)
c:\users\zding\documents\workarea\from p1\factory\pcrprojalpha53factory2020-01\pcrprojectdlg.cpp(2215): warning C4566: character represented by universal-character-name '\u754C' cannot be represented in the current code page (1252)
c:\users\zding\documents\workarea\from p1\factory\pcrprojalpha53factory2020-01\pcrprojectdlg.cpp(2215): warning C4566: character represented by universal-character-name '\u9762' cannot be represented in the current code page (1252)
c:\users\zding\documents\workarea\from p1\factory\pcrprojalpha53factory2020-01\pcrprojectdlg.cpp(2216): warning C4566: character represented by universal-character-name '\u56FE' cannot be represented in the current code page (1252)
c:\users\zding\documents\workarea\from p1\factory\pcrprojalpha53factory2020-01\pcrprojectdlg.cpp(2216): warning C4566: character represented by universal-character-name '\u50CF' cannot be represented in the current code page (1252)
c:\users\zding\documents\workarea\from p1\factory\pcrprojalpha53factory2020-01\pcrprojectdlg.cpp(2216): warning C4566: character represented by universal-character-name '\u63A7' cannot be represented in the current code page (1252)
c:\users\zding\documents\workarea\from p1\factory\pcrprojalpha53factory2020-01\pcrprojectdlg.cpp(2216): warning C4566: character represented by universal-character-name '\u5236' cannot be represented in the current code page (1252)
c:\users\zding\documents\workarea\from p1\factory\pcrprojalpha53factory2020-01\pcrprojectdlg.cpp(2217): warning C4566: character represented by universal-character-name '\u6E29' cannot be represented in the current code page (1252)
c:\users\zding\documents\workarea\from p1\factory\pcrprojalpha53factory2020-01\pcrprojectdlg.cpp(2217): warning C4566: character represented by universal-character-name '\u63A7' cannot be represented in the current code page (1252)
c:\users\zding\documents\workarea\from p1\factory\pcrprojalpha53factory2020-01\pcrprojectdlg.cpp(2217): warning C4566: character represented by universal-character-name '\u754C' cannot be represented in the current code page (1252)
c:\users\zding\documents\workarea\from p1\factory\pcrprojalpha53factory2020-01\pcrprojectdlg.cpp(2217): warning C4566: character represented by universal-character-name '\u9762' cannot be represented in the current code page (1252)
c:\users\zding\documents\workarea\from p1\factory\pcrprojalpha53factory2020-01\pcrprojectdlg.cpp(2311): warning C4566: character represented by universal-character-name '\u7CFB' cannot be represented in the current code page (1252)
c:\users\zding\documents\workarea\from p1\factory\pcrprojalpha53factory2020-01\pcrprojectdlg.cpp(2311): warning C4566: character represented by universal-character-name '\u7EDF' cannot be represented in the current code page (1252)
c:\users\zding\documents\workarea\from p1\factory\pcrprojalpha53factory2020-01\pcrprojectdlg.cpp(2311): warning C4566: character represented by universal-character-name '\u7F16' cannot be represented in the current code page (1252)
c:\users\zding\documents\workarea\from p1\factory\pcrprojalpha53factory2020-01\pcrprojectdlg.cpp(2311): warning C4566: character represented by universal-character-name '\u53F7' cannot be represented in the current code page (1252)
c:\users\zding\documents\workarea\from p1\factory\pcrprojalpha53factory2020-01\pcrprojectdlg.cpp(2323): warning C4566: character represented by universal-character-name '\u6587' cannot be represented in the current code page (1252)
c:\users\zding\documents\workarea\from p1\factory\pcrprojalpha53factory2020-01\pcrprojectdlg.cpp(2323): warning C4566: character represented by universal-character-name '\u4EF6' cannot be represented in the current code page (1252)
c:\users\zding\documents\workarea\from p1\factory\pcrprojalpha53factory2020-01\pcrprojectdlg.cpp(2359): warning C4566: character represented by universal-character-name '\u6587' cannot be represented in the current code page (1252)
c:\users\zding\documents\workarea\from p1\factory\pcrprojalpha53factory2020-01\pcrprojectdlg.cpp(2359): warning C4566: character represented by universal-character-name '\u4EF6' cannot be represented in the current code page (1252)
c:\users\zding\documents\workarea\from p1\factory\pcrprojalpha53factory2020-01\pcrprojectdlg.cpp(2359): warning C4566: character represented by universal-character-name '\u6CA1' cannot be represented in the current code page (1252)
c:\users\zding\documents\workarea\from p1\factory\pcrprojalpha53factory2020-01\pcrprojectdlg.cpp(2359): warning C4566: character represented by universal-character-name '\u6709' cannot be represented in the current code page (1252)
c:\users\zding\documents\workarea\from p1\factory\pcrprojalpha53factory2020-01\pcrprojectdlg.cpp(2359): warning C4566: character represented by universal-character-name '\u88C5' cannot be represented in the current code page (1252)
c:\users\zding\documents\workarea\from p1\factory\pcrprojalpha53factory2020-01\pcrprojectdlg.cpp(2359): warning C4566: character represented by universal-character-name '\u4E0A' cannot be represented in the current code page (1252)
c:\users\zding\documents\workarea\from p1\factory\pcrprojalpha53factory2020-01\pcrprojectdlg.cpp(2394): warning C4566: character represented by universal-character-name '\u7CFB' cannot be represented in the current code page (1252)
c:\users\zding\documents\workarea\from p1\factory\pcrprojalpha53factory2020-01\pcrprojectdlg.cpp(2394): warning C4566: character represented by universal-character-name '\u7EDF' cannot be represented in the current code page (1252)
c:\users\zding\documents\workarea\from p1\factory\pcrprojalpha53factory2020-01\pcrprojectdlg.cpp(2394): warning C4566: character represented by universal-character-name '\u7F16' cannot be represented in the current code page (1252)
c:\users\zding\documents\workarea\from p1\factory\pcrprojalpha53factory2020-01\pcrprojectdlg.cpp(2394): warning C4566: character represented by universal-character-name '\u53F7' cannot be represented in the current code page (1252)
c:\users\zding\documents\workarea\from p1\factory\pcrprojalpha53factory2020-01\pcrprojectdlg.cpp(2428): warning C4566: character represented by universal-character-name '\u7CFB' cannot be represented in the current code page (1252)
c:\users\zding\documents\workarea\from p1\factory\pcrprojalpha53factory2020-01\pcrprojectdlg.cpp(2428): warning C4566: character represented by universal-character-name '\u7EDF' cannot be represented in the current code page (1252)
c:\users\zding\documents\workarea\from p1\factory\pcrprojalpha53factory2020-01\pcrprojectdlg.cpp(2428): warning C4566: character represented by universal-character-name '\u7F16' cannot be represented in the current code page (1252)
c:\users\zding\documents\workarea\from p1\factory\pcrprojalpha53factory2020-01\pcrprojectdlg.cpp(2428): warning C4566: character represented by universal-character-name '\u53F7' cannot be represented in the current code page (1252)
c:\users\zding\documents\workarea\from p1\factory\pcrprojalpha53factory2020-01\pcrprojectdlg.cpp(2428): warning C4566: character represented by universal-character-name '\uFF1A' cannot be represented in the current code page (1252)
c:\users\zding\documents\workarea\from p1\factory\pcrprojalpha53factory2020-01\pcrprojectdlg.cpp(2428): warning C4566: character represented by universal-character-name '\u6D4B' cannot be represented in the current code page (1252)
c:\users\zding\documents\workarea\from p1\factory\pcrprojalpha53factory2020-01\pcrprojectdlg.cpp(2428): warning C4566: character represented by universal-character-name '\u8BD5' cannot be represented in the current code page (1252)
c:\users\zding\documents\workarea\from p1\factory\pcrprojalpha53factory2020-01\pcrprojectdlg.cpp(2428): warning C4566: character represented by universal-character-name '\u65F6' cannot be represented in the current code page (1252)
c:\users\zding\documents\workarea\from p1\factory\pcrprojalpha53factory2020-01\pcrprojectdlg.cpp(2428): warning C4566: character represented by universal-character-name '\u95F4' cannot be represented in the current code page (1252)
c:\users\zding\documents\workarea\from p1\factory\pcrprojalpha53factory2020-01\pcrprojectdlg.cpp(2428): warning C4566: character represented by universal-character-name '\u53CD' cannot be represented in the current code page (1252)
c:\users\zding\documents\workarea\from p1\factory\pcrprojalpha53factory2020-01\pcrprojectdlg.cpp(2428): warning C4566: character represented by universal-character-name '\u5E94' cannot be represented in the current code page (1252)
c:\users\zding\documents\workarea\from p1\factory\pcrprojalpha53factory2020-01\pcrprojectdlg.cpp(2428): warning C4566: character represented by universal-character-name '\u6C60' cannot be represented in the current code page (1252)
c:\users\zding\documents\workarea\from p1\factory\pcrprojalpha53factory2020-01\pcrprojectdlg.cpp(2428): warning C4566: character represented by universal-character-name '\u53CA' cannot be represented in the current code page (1252)
c:\users\zding\documents\workarea\from p1\factory\pcrprojalpha53factory2020-01\pcrprojectdlg.cpp(2428): warning C4566: character represented by universal-character-name '\u901A' cannot be represented in the current code page (1252)
c:\users\zding\documents\workarea\from p1\factory\pcrprojalpha53factory2020-01\pcrprojectdlg.cpp(2428): warning C4566: character represented by universal-character-name '\u9053' cannot be represented in the current code page (1252)
c:\users\zding\documents\workarea\from p1\factory\pcrprojalpha53factory2020-01\pcrprojectdlg.cpp(2429): warning C4566: character represented by universal-character-name '\u7CFB' cannot be represented in the current code page (1252)
c:\users\zding\documents\workarea\from p1\factory\pcrprojalpha53factory2020-01\pcrprojectdlg.cpp(2429): warning C4566: character represented by universal-character-name '\u7EDF' cannot be represented in the current code page (1252)
c:\users\zding\documents\workarea\from p1\factory\pcrprojalpha53factory2020-01\pcrprojectdlg.cpp(2429): warning C4566: character represented by universal-character-name '\u4E0B' cannot be represented in the current code page (1252)
c:\users\zding\documents\workarea\from p1\factory\pcrprojalpha53factory2020-01\pcrprojectdlg.cpp(2429): warning C4566: character represented by universal-character-name '\u4F4D' cannot be represented in the current code page (1252)
c:\users\zding\documents\workarea\from p1\factory\pcrprojalpha53factory2020-01\pcrprojectdlg.cpp(2429): warning C4566: character represented by universal-character-name '\u673A' cannot be represented in the current code page (1252)
c:\users\zding\documents\workarea\from p1\factory\pcrprojalpha53factory2020-01\pcrprojectdlg.cpp(2429): warning C4566: character represented by universal-character-name '\u7248' cannot be represented in the current code page (1252)
c:\users\zding\documents\workarea\from p1\factory\pcrprojalpha53factory2020-01\pcrprojectdlg.cpp(2429): warning C4566: character represented by universal-character-name '\u672C' cannot be represented in the current code page (1252)
c:\users\zding\documents\workarea\from p1\factory\pcrprojalpha53factory2020-01\pcrprojectdlg.cpp(2429): warning C4566: character represented by universal-character-name '\u7F16' cannot be represented in the current code page (1252)
c:\users\zding\documents\workarea\from p1\factory\pcrprojalpha53factory2020-01\pcrprojectdlg.cpp(2429): warning C4566: character represented by universal-character-name '\u53F7' cannot be represented in the current code page (1252)
c:\users\zding\documents\workarea\from p1\factory\pcrprojalpha53factory2020-01\pcrprojectdlg.cpp(2429): warning C4566: character represented by universal-character-name '\uFF1A' cannot be represented in the current code page (1252)
  PCRProject.vcxproj -> C:\Users\zding\Documents\WorkArea\From P1\Factory\PCRProjAlpha53Factory2020-01\Debug\PCRProjectFactory.exe
