d:\workarea\factory\pcrprojalpha53factory2020\debug\pcrprojectfactory.pch
d:\workarea\factory\pcrprojalpha53factory2020\debug\vc141.pdb
d:\workarea\factory\pcrprojalpha53factory2020\debug\vc141.idb
d:\workarea\factory\pcrprojalpha53factory2020\debug\stdafx.obj
d:\workarea\factory\pcrprojalpha53factory2020\debug\chartstandardaxis.obj
d:\workarea\factory\pcrprojalpha53factory2020\debug\chartserie.obj
d:\workarea\factory\pcrprojalpha53factory2020\debug\chartscrollbar.obj
d:\workarea\factory\pcrprojalpha53factory2020\debug\chartpointsserie.obj
d:\workarea\factory\pcrprojalpha53factory2020\debug\chartlogarithmicaxis.obj
d:\workarea\factory\pcrprojalpha53factory2020\debug\chartlineserie.obj
d:\workarea\factory\pcrprojalpha53factory2020\debug\chartlegend.obj
d:\workarea\factory\pcrprojalpha53factory2020\debug\chartgrid.obj
d:\workarea\factory\pcrprojalpha53factory2020\debug\chartgradient.obj
d:\workarea\factory\pcrprojalpha53factory2020\debug\chartganttserie.obj
d:\workarea\factory\pcrprojalpha53factory2020\debug\chartfont.obj
d:\workarea\factory\pcrprojalpha53factory2020\debug\chartdraglinecursor.obj
d:\workarea\factory\pcrprojalpha53factory2020\debug\chartdatetimeaxis.obj
d:\workarea\factory\pcrprojalpha53factory2020\debug\chartcursor.obj
d:\workarea\factory\pcrprojalpha53factory2020\debug\chartctrl.obj
d:\workarea\factory\pcrprojalpha53factory2020\debug\chartcrosshaircursor.obj
d:\workarea\factory\pcrprojalpha53factory2020\debug\chartcandlestickserie.obj
d:\workarea\factory\pcrprojalpha53factory2020\debug\chartbarserie.obj
d:\workarea\factory\pcrprojalpha53factory2020\debug\chartaxislabel.obj
d:\workarea\factory\pcrprojalpha53factory2020\debug\chartaxis.obj
d:\workarea\factory\pcrprojalpha53factory2020\debug\tempctrlmodel.obj
d:\workarea\factory\pcrprojalpha53factory2020\debug\systemconfig.obj
d:\workarea\factory\pcrprojalpha53factory2020\debug\serialnumdlg.obj
d:\workarea\factory\pcrprojalpha53factory2020\debug\regdlg.obj
d:\workarea\factory\pcrprojalpha53factory2020\debug\pcrprojectdlg.obj
d:\workarea\factory\pcrprojalpha53factory2020\debug\pcrproject.obj
d:\workarea\factory\pcrprojalpha53factory2020\debug\parsavedlg.obj
d:\workarea\factory\pcrprojalpha53factory2020\debug\operationdlg2.obj
d:\workarea\factory\pcrprojalpha53factory2020\debug\operationdlg.obj
d:\workarea\factory\pcrprojalpha53factory2020\debug\mathround.obj
d:\workarea\factory\pcrprojalpha53factory2020\debug\manudlg.obj
d:\workarea\factory\pcrprojalpha53factory2020\debug\json_writer.obj
d:\workarea\factory\pcrprojalpha53factory2020\debug\json_value.obj
d:\workarea\factory\pcrprojalpha53factory2020\debug\json_reader.obj
d:\workarea\factory\pcrprojalpha53factory2020\debug\inttimedlg.obj
d:\workarea\factory\pcrprojalpha53factory2020\debug\gradlg.obj
d:\workarea\factory\pcrprojalpha53factory2020\debug\curveshow.obj
d:\workarea\factory\pcrprojalpha53factory2020\debug\chartxyserie.obj
d:\workarea\factory\pcrprojalpha53factory2020\debug\charttitle.obj
d:\workarea\factory\pcrprojalpha53factory2020\debug\chartsurfaceserie.obj
d:\workarea\factory\pcrprojalpha53factory2020\debug\versionshow.obj
d:\workarea\factory\pcrprojalpha53factory2020\debug\trimreader.obj
d:\workarea\factory\pcrprojalpha53factory2020\debug\trimdlg.obj
d:\workarea\factory\pcrprojalpha53factory2020\debug\pcrproject.res
d:\workarea\factory\pcrprojalpha53factory2020\debug\pcrprojectfactory.ilk
d:\workarea\factory\pcrprojalpha53factory2020\debug\pcrprojectfactory.exe
d:\workarea\factory\pcrprojalpha53factory2020\debug\pcrprojectfactory.pdb
d:\workarea\factory\pcrprojalpha53factory2020-01\debug\stdafx.obj
d:\workarea\factory\pcrprojalpha53factory2020-01\debug\chartstandardaxis.obj
d:\workarea\factory\pcrprojalpha53factory2020-01\debug\chartserie.obj
d:\workarea\factory\pcrprojalpha53factory2020-01\debug\chartscrollbar.obj
d:\workarea\factory\pcrprojalpha53factory2020-01\debug\chartpointsserie.obj
d:\workarea\factory\pcrprojalpha53factory2020-01\debug\chartlogarithmicaxis.obj
d:\workarea\factory\pcrprojalpha53factory2020-01\debug\chartlineserie.obj
d:\workarea\factory\pcrprojalpha53factory2020-01\debug\chartlegend.obj
d:\workarea\factory\pcrprojalpha53factory2020-01\debug\chartgrid.obj
d:\workarea\factory\pcrprojalpha53factory2020-01\debug\chartgradient.obj
d:\workarea\factory\pcrprojalpha53factory2020-01\debug\chartganttserie.obj
d:\workarea\factory\pcrprojalpha53factory2020-01\debug\chartfont.obj
d:\workarea\factory\pcrprojalpha53factory2020-01\debug\chartdraglinecursor.obj
d:\workarea\factory\pcrprojalpha53factory2020-01\debug\chartdatetimeaxis.obj
d:\workarea\factory\pcrprojalpha53factory2020-01\debug\chartcursor.obj
d:\workarea\factory\pcrprojalpha53factory2020-01\debug\chartctrl.obj
d:\workarea\factory\pcrprojalpha53factory2020-01\debug\chartcrosshaircursor.obj
d:\workarea\factory\pcrprojalpha53factory2020-01\debug\chartcandlestickserie.obj
d:\workarea\factory\pcrprojalpha53factory2020-01\debug\chartbarserie.obj
d:\workarea\factory\pcrprojalpha53factory2020-01\debug\chartaxislabel.obj
d:\workarea\factory\pcrprojalpha53factory2020-01\debug\chartaxis.obj
d:\workarea\factory\pcrprojalpha53factory2020-01\debug\tempctrlmodel.obj
d:\workarea\factory\pcrprojalpha53factory2020-01\debug\systemconfig.obj
d:\workarea\factory\pcrprojalpha53factory2020-01\debug\serialnumdlg.obj
d:\workarea\factory\pcrprojalpha53factory2020-01\debug\regdlg.obj
d:\workarea\factory\pcrprojalpha53factory2020-01\debug\pcrprojectdlg.obj
d:\workarea\factory\pcrprojalpha53factory2020-01\debug\pcrproject.obj
d:\workarea\factory\pcrprojalpha53factory2020-01\debug\parsavedlg.obj
d:\workarea\factory\pcrprojalpha53factory2020-01\debug\operationdlg2.obj
d:\workarea\factory\pcrprojalpha53factory2020-01\debug\operationdlg.obj
d:\workarea\factory\pcrprojalpha53factory2020-01\debug\mathround.obj
d:\workarea\factory\pcrprojalpha53factory2020-01\debug\manudlg.obj
d:\workarea\factory\pcrprojalpha53factory2020-01\debug\json_writer.obj
d:\workarea\factory\pcrprojalpha53factory2020-01\debug\json_value.obj
d:\workarea\factory\pcrprojalpha53factory2020-01\debug\json_reader.obj
d:\workarea\factory\pcrprojalpha53factory2020-01\debug\inttimedlg.obj
d:\workarea\factory\pcrprojalpha53factory2020-01\debug\gradlg.obj
d:\workarea\factory\pcrprojalpha53factory2020-01\debug\curveshow.obj
d:\workarea\factory\pcrprojalpha53factory2020-01\debug\chartxyserie.obj
d:\workarea\factory\pcrprojalpha53factory2020-01\debug\charttitle.obj
d:\workarea\factory\pcrprojalpha53factory2020-01\debug\chartsurfaceserie.obj
d:\workarea\factory\pcrprojalpha53factory2020-01\debug\versionshow.obj
d:\workarea\factory\pcrprojalpha53factory2020-01\debug\trimreader.obj
d:\workarea\factory\pcrprojalpha53factory2020-01\debug\trimdlg.obj
d:\workarea\factory\pcrprojalpha53factory2020-01\debug\pcrprojectfactory.ilk
d:\workarea\factory\pcrprojalpha53factory2020-01\debug\pcrproject.res
d:\workarea\factory\pcrprojalpha53factory2020-01\debug\pcrprojectfactory.pch
d:\workarea\factory\pcrprojalpha53factory2020-01\debug\vc141.idb
d:\workarea\factory\pcrprojalpha53factory2020-01\debug\vc141.pdb
d:\workarea\factory\pcrprojalpha53factory2020-01\debug\pcrprojectfactory.pdb
d:\workarea\factory\pcrprojalpha53factory2020-01\debug\pcrprojectfactory.exe
d:\workarea\factory\pcrprojalpha53factory2020-01\debug\pcrproject.tlog\cl.read.1.tlog
d:\workarea\factory\pcrprojalpha53factory2020-01\debug\pcrproject.tlog\cl.write.1.tlog
d:\workarea\factory\pcrprojalpha53factory2020-01\debug\pcrproject.tlog\cl.command.1.tlog
d:\workarea\factory\pcrprojalpha53factory2020-01\debug\pcrproject.tlog\rc.read.1.tlog
d:\workarea\factory\pcrprojalpha53factory2020-01\debug\pcrproject.tlog\rc.write.1.tlog
d:\workarea\factory\pcrprojalpha53factory2020-01\debug\pcrproject.tlog\rc.command.1.tlog
d:\workarea\factory\pcrprojalpha53factory2020-01\debug\pcrproject.tlog\link.read.1.tlog
d:\workarea\factory\pcrprojalpha53factory2020-01\debug\pcrproject.tlog\link.write.1.tlog
d:\workarea\factory\pcrprojalpha53factory2020-01\debug\pcrproject.tlog\link.command.1.tlog
