  stdafx.cpp
  ChartAxis.cpp
  ChartAxisLabel.cpp
  ChartBarSerie.cpp
  ChartCandlestickSerie.cpp
  ChartCrossHairCursor.cpp
  ChartCtrl.cpp
  ChartCursor.cpp
  ChartDateTimeAxis.cpp
  ChartDragLineCursor.cpp
  ChartFont.cpp
  ChartGanttSerie.cpp
  ChartGradient.cpp
  ChartGrid.cpp
  ChartLegend.cpp
  ChartLineSerie.cpp
  ChartLogarithmicAxis.cpp
  ChartPointsSerie.cpp
  ChartScrollBar.cpp
  ChartSerie.cpp
  ChartStandardAxis.cpp
  Compiling...
  ChartSurfaceSerie.cpp
  ChartTitle.cpp
  ChartXYSerie.cpp
  CurveShow.cpp
c:\users\zding\documents\workarea\from p1\factory\pcrprojalpha53factory2020-01\curveshow.cpp(26): warning C4305: 'initializing': truncation from 'double' to 'float'
c:\users\zding\documents\workarea\from p1\factory\pcrprojalpha53factory2020-01\curveshow.cpp(27): warning C4305: 'initializing': truncation from 'double' to 'float'
c:\users\zding\documents\workarea\from p1\factory\pcrprojalpha53factory2020-01\curveshow.cpp(359): warning C4305: '=': truncation from 'double' to 'float'
c:\users\zding\documents\workarea\from p1\factory\pcrprojalpha53factory2020-01\curveshow.cpp(737): warning C4101: 'j': unreferenced local variable
c:\users\zding\documents\workarea\from p1\factory\pcrprojalpha53factory2020-01\curveshow.cpp(1604): warning C4244: '=': conversion from 'double' to 'float', possible loss of data
c:\users\zding\documents\workarea\from p1\factory\pcrprojalpha53factory2020-01\curveshow.cpp(2230): warning C4305: '=': truncation from 'double' to 'float'
c:\users\zding\documents\workarea\from p1\factory\pcrprojalpha53factory2020-01\curveshow.cpp(2231): warning C4305: '=': truncation from 'double' to 'float'
c:\users\zding\documents\workarea\from p1\factory\pcrprojalpha53factory2020-01\chart\fit.h(82): warning C4018: '<': signed/unsigned mismatch
  c:\users\zding\documents\workarea\from p1\factory\pcrprojalpha53factory2020-01\chart\fit.h(66): note: see reference to function template instantiation 'void czy::Fit::polyfit<_Ty>(const T *,const T *,size_t,int,bool)' being compiled
          with
          [
              _Ty=double,
              T=double
          ]
  c:\users\zding\documents\workarea\from p1\factory\pcrprojalpha53factory2020-01\curveshow.cpp(535): note: see reference to function template instantiation 'void czy::Fit::polyfit<double>(const std::vector<double,std::allocator<_Ty>> &,const std::vector<_Ty,std::allocator<_Ty>> &,int,bool)' being compiled
          with
          [
              _Ty=double
          ]
c:\users\zding\documents\workarea\from p1\factory\pcrprojalpha53factory2020-01\chart\fit.h(89): warning C4018: '<': signed/unsigned mismatch
c:\users\zding\documents\workarea\from p1\factory\pcrprojalpha53factory2020-01\chart\fit.h(212): warning C4018: '<': signed/unsigned mismatch
  c:\users\zding\documents\workarea\from p1\factory\pcrprojalpha53factory2020-01\chart\fit.h(101): note: see reference to function template instantiation 'void czy::Fit::calcError<T>(const T *,const T *,size_t,double &,double &,double &,bool)' being compiled
          with
          [
              T=double
          ]
  c:\users\zding\documents\workarea\from p1\factory\pcrprojalpha53factory2020-01\chart\fit.h(66): note: see reference to function template instantiation 'void czy::Fit::polyfit<_Ty>(const T *,const T *,size_t,int,bool)' being compiled
          with
          [
              _Ty=double,
              T=double
          ]
  GraDlg.cpp
c:\users\zding\documents\workarea\from p1\factory\pcrprojalpha53factory2020-01\mathround.cpp(10): warning C4244: 'argument': conversion from 'double' to 'float', possible loss of data
c:\users\zding\documents\workarea\from p1\factory\pcrprojalpha53factory2020-01\gradlg.cpp(633): warning C4996: 'gcvt': The POSIX name for this item is deprecated. Instead, use the ISO C and C++ conformant name: _gcvt. See online help for details.
  c:\program files (x86)\windows kits\10\include\10.0.17763.0\ucrt\stdlib.h(1316): note: see declaration of 'gcvt'
c:\users\zding\documents\workarea\from p1\factory\pcrprojalpha53factory2020-01\gradlg.cpp(664): warning C4996: 'itoa': The POSIX name for this item is deprecated. Instead, use the ISO C and C++ conformant name: _itoa. See online help for details.
  c:\program files (x86)\windows kits\10\include\10.0.17763.0\ucrt\stdlib.h(1323): note: see declaration of 'itoa'
c:\users\zding\documents\workarea\from p1\factory\pcrprojalpha53factory2020-01\gradlg.cpp(693): warning C4996: 'itoa': The POSIX name for this item is deprecated. Instead, use the ISO C and C++ conformant name: _itoa. See online help for details.
  c:\program files (x86)\windows kits\10\include\10.0.17763.0\ucrt\stdlib.h(1323): note: see declaration of 'itoa'
c:\users\zding\documents\workarea\from p1\factory\pcrprojalpha53factory2020-01\gradlg.cpp(889): warning C4244: '*=': conversion from 'double' to 'int', possible loss of data
c:\users\zding\documents\workarea\from p1\factory\pcrprojalpha53factory2020-01\gradlg.cpp(1803): warning C4996: 'itoa': The POSIX name for this item is deprecated. Instead, use the ISO C and C++ conformant name: _itoa. See online help for details.
  c:\program files (x86)\windows kits\10\include\10.0.17763.0\ucrt\stdlib.h(1323): note: see declaration of 'itoa'
c:\users\zding\documents\workarea\from p1\factory\pcrprojalpha53factory2020-01\gradlg.cpp(1917): warning C4996: 'itoa': The POSIX name for this item is deprecated. Instead, use the ISO C and C++ conformant name: _itoa. See online help for details.
  c:\program files (x86)\windows kits\10\include\10.0.17763.0\ucrt\stdlib.h(1323): note: see declaration of 'itoa'
c:\users\zding\documents\workarea\from p1\factory\pcrprojalpha53factory2020-01\gradlg.cpp(3270): warning C4566: character represented by universal-character-name '\u6E29' cannot be represented in the current code page (1252)
c:\users\zding\documents\workarea\from p1\factory\pcrprojalpha53factory2020-01\gradlg.cpp(3270): warning C4566: character represented by universal-character-name '\u63A7' cannot be represented in the current code page (1252)
c:\users\zding\documents\workarea\from p1\factory\pcrprojalpha53factory2020-01\gradlg.cpp(3270): warning C4566: character represented by universal-character-name '\u6D4B' cannot be represented in the current code page (1252)
c:\users\zding\documents\workarea\from p1\factory\pcrprojalpha53factory2020-01\gradlg.cpp(3270): warning C4566: character represented by universal-character-name '\u8BD5' cannot be represented in the current code page (1252)
c:\users\zding\documents\workarea\from p1\factory\pcrprojalpha53factory2020-01\gradlg.cpp(3270): warning C4566: character represented by universal-character-name '\u7ED3' cannot be represented in the current code page (1252)
c:\users\zding\documents\workarea\from p1\factory\pcrprojalpha53factory2020-01\gradlg.cpp(3270): warning C4566: character represented by universal-character-name '\u679C' cannot be represented in the current code page (1252)
c:\users\zding\documents\workarea\from p1\factory\pcrprojalpha53factory2020-01\gradlg.cpp(3270): warning C4566: character represented by universal-character-name '\uFF1A' cannot be represented in the current code page (1252)
c:\users\zding\documents\workarea\from p1\factory\pcrprojalpha53factory2020-01\gradlg.cpp(3271): warning C4566: character represented by universal-character-name '\u6E29' cannot be represented in the current code page (1252)
c:\users\zding\documents\workarea\from p1\factory\pcrprojalpha53factory2020-01\gradlg.cpp(3271): warning C4566: character represented by universal-character-name '\u63A7' cannot be represented in the current code page (1252)
c:\users\zding\documents\workarea\from p1\factory\pcrprojalpha53factory2020-01\gradlg.cpp(3271): warning C4566: character represented by universal-character-name '\u6D4B' cannot be represented in the current code page (1252)
c:\users\zding\documents\workarea\from p1\factory\pcrprojalpha53factory2020-01\gradlg.cpp(3271): warning C4566: character represented by universal-character-name '\u8BD5' cannot be represented in the current code page (1252)
c:\users\zding\documents\workarea\from p1\factory\pcrprojalpha53factory2020-01\gradlg.cpp(3271): warning C4566: character represented by universal-character-name '\u901A' cannot be represented in the current code page (1252)
c:\users\zding\documents\workarea\from p1\factory\pcrprojalpha53factory2020-01\gradlg.cpp(3271): warning C4566: character represented by universal-character-name '\u8FC7' cannot be represented in the current code page (1252)
c:\users\zding\documents\workarea\from p1\factory\pcrprojalpha53factory2020-01\gradlg.cpp(3272): warning C4566: character represented by universal-character-name '\u6E29' cannot be represented in the current code page (1252)
c:\users\zding\documents\workarea\from p1\factory\pcrprojalpha53factory2020-01\gradlg.cpp(3272): warning C4566: character represented by universal-character-name '\u63A7' cannot be represented in the current code page (1252)
c:\users\zding\documents\workarea\from p1\factory\pcrprojalpha53factory2020-01\gradlg.cpp(3272): warning C4566: character represented by universal-character-name '\u6D4B' cannot be represented in the current code page (1252)
c:\users\zding\documents\workarea\from p1\factory\pcrprojalpha53factory2020-01\gradlg.cpp(3272): warning C4566: character represented by universal-character-name '\u8BD5' cannot be represented in the current code page (1252)
c:\users\zding\documents\workarea\from p1\factory\pcrprojalpha53factory2020-01\gradlg.cpp(3272): warning C4566: character represented by universal-character-name '\u4E0D' cannot be represented in the current code page (1252)
c:\users\zding\documents\workarea\from p1\factory\pcrprojalpha53factory2020-01\gradlg.cpp(3272): warning C4566: character represented by universal-character-name '\u901A' cannot be represented in the current code page (1252)
c:\users\zding\documents\workarea\from p1\factory\pcrprojalpha53factory2020-01\gradlg.cpp(3272): warning C4566: character represented by universal-character-name '\u8FC7' cannot be represented in the current code page (1252)
c:\users\zding\documents\workarea\from p1\factory\pcrprojalpha53factory2020-01\gradlg.cpp(3578): warning C4244: '=': conversion from 'double' to 'float', possible loss of data
c:\users\zding\documents\workarea\from p1\factory\pcrprojalpha53factory2020-01\gradlg.cpp(3648): warning C4566: character represented by universal-character-name '\u5149' cannot be represented in the current code page (1252)
c:\users\zding\documents\workarea\from p1\factory\pcrprojalpha53factory2020-01\gradlg.cpp(3648): warning C4566: character represented by universal-character-name '\u5B66' cannot be represented in the current code page (1252)
c:\users\zding\documents\workarea\from p1\factory\pcrprojalpha53factory2020-01\gradlg.cpp(3648): warning C4566: character represented by universal-character-name '\u7CFB' cannot be represented in the current code page (1252)
c:\users\zding\documents\workarea\from p1\factory\pcrprojalpha53factory2020-01\gradlg.cpp(3648): warning C4566: character represented by universal-character-name '\u7EDF' cannot be represented in the current code page (1252)
c:\users\zding\documents\workarea\from p1\factory\pcrprojalpha53factory2020-01\gradlg.cpp(3648): warning C4566: character represented by universal-character-name '\u6D4B' cannot be represented in the current code page (1252)
c:\users\zding\documents\workarea\from p1\factory\pcrprojalpha53factory2020-01\gradlg.cpp(3648): warning C4566: character represented by universal-character-name '\u8BD5' cannot be represented in the current code page (1252)
c:\users\zding\documents\workarea\from p1\factory\pcrprojalpha53factory2020-01\gradlg.cpp(3648): warning C4566: character represented by universal-character-name '\u901A' cannot be represented in the current code page (1252)
c:\users\zding\documents\workarea\from p1\factory\pcrprojalpha53factory2020-01\gradlg.cpp(3648): warning C4566: character represented by universal-character-name '\u8FC7' cannot be represented in the current code page (1252)
c:\users\zding\documents\workarea\from p1\factory\pcrprojalpha53factory2020-01\gradlg.cpp(3649): warning C4566: character represented by universal-character-name '\u5149' cannot be represented in the current code page (1252)
c:\users\zding\documents\workarea\from p1\factory\pcrprojalpha53factory2020-01\gradlg.cpp(3649): warning C4566: character represented by universal-character-name '\u5B66' cannot be represented in the current code page (1252)
c:\users\zding\documents\workarea\from p1\factory\pcrprojalpha53factory2020-01\gradlg.cpp(3649): warning C4566: character represented by universal-character-name '\u7CFB' cannot be represented in the current code page (1252)
c:\users\zding\documents\workarea\from p1\factory\pcrprojalpha53factory2020-01\gradlg.cpp(3649): warning C4566: character represented by universal-character-name '\u7EDF' cannot be represented in the current code page (1252)
c:\users\zding\documents\workarea\from p1\factory\pcrprojalpha53factory2020-01\gradlg.cpp(3649): warning C4566: character represented by universal-character-name '\u6D4B' cannot be represented in the current code page (1252)
c:\users\zding\documents\workarea\from p1\factory\pcrprojalpha53factory2020-01\gradlg.cpp(3649): warning C4566: character represented by universal-character-name '\u8BD5' cannot be represented in the current code page (1252)
c:\users\zding\documents\workarea\from p1\factory\pcrprojalpha53factory2020-01\gradlg.cpp(3649): warning C4566: character represented by universal-character-name '\u4E0D' cannot be represented in the current code page (1252)
c:\users\zding\documents\workarea\from p1\factory\pcrprojalpha53factory2020-01\gradlg.cpp(3649): warning C4566: character represented by universal-character-name '\u901A' cannot be represented in the current code page (1252)
c:\users\zding\documents\workarea\from p1\factory\pcrprojalpha53factory2020-01\gradlg.cpp(3649): warning C4566: character represented by universal-character-name '\u8FC7' cannot be represented in the current code page (1252)
c:\users\zding\documents\workarea\from p1\factory\pcrprojalpha53factory2020-01\gradlg.cpp(3669): warning C4244: 'initializing': conversion from '_Ty' to 'int', possible loss of data
          with
          [
              _Ty=double
          ]
c:\users\zding\documents\workarea\from p1\factory\pcrprojalpha53factory2020-01\gradlg.cpp(3674): warning C4244: '=': conversion from '_Ty' to 'int', possible loss of data
          with
          [
              _Ty=double
          ]
c:\users\zding\documents\workarea\from p1\factory\pcrprojalpha53factory2020-01\gradlg.cpp(3986): warning C4244: 'initializing': conversion from 'LONGLONG' to 'int', possible loss of data
c:\users\zding\documents\workarea\from p1\factory\pcrprojalpha53factory2020-01\gradlg.cpp(4126): warning C4566: character represented by universal-character-name '\u6E29' cannot be represented in the current code page (1252)
c:\users\zding\documents\workarea\from p1\factory\pcrprojalpha53factory2020-01\gradlg.cpp(4126): warning C4566: character represented by universal-character-name '\u63A7' cannot be represented in the current code page (1252)
c:\users\zding\documents\workarea\from p1\factory\pcrprojalpha53factory2020-01\gradlg.cpp(4126): warning C4566: character represented by universal-character-name '\u6D4B' cannot be represented in the current code page (1252)
c:\users\zding\documents\workarea\from p1\factory\pcrprojalpha53factory2020-01\gradlg.cpp(4126): warning C4566: character represented by universal-character-name '\u8BD5' cannot be represented in the current code page (1252)
c:\users\zding\documents\workarea\from p1\factory\pcrprojalpha53factory2020-01\gradlg.cpp(4126): warning C4566: character represented by universal-character-name '\u7ED3' cannot be represented in the current code page (1252)
c:\users\zding\documents\workarea\from p1\factory\pcrprojalpha53factory2020-01\gradlg.cpp(4126): warning C4566: character represented by universal-character-name '\u679C' cannot be represented in the current code page (1252)
c:\users\zding\documents\workarea\from p1\factory\pcrprojalpha53factory2020-01\gradlg.cpp(4126): warning C4566: character represented by universal-character-name '\uFF1A' cannot be represented in the current code page (1252)
c:\users\zding\documents\workarea\from p1\factory\pcrprojalpha53factory2020-01\gradlg.cpp(4127): warning C4566: character represented by universal-character-name '\u6E29' cannot be represented in the current code page (1252)
c:\users\zding\documents\workarea\from p1\factory\pcrprojalpha53factory2020-01\gradlg.cpp(4127): warning C4566: character represented by universal-character-name '\u63A7' cannot be represented in the current code page (1252)
c:\users\zding\documents\workarea\from p1\factory\pcrprojalpha53factory2020-01\gradlg.cpp(4127): warning C4566: character represented by universal-character-name '\u6D4B' cannot be represented in the current code page (1252)
c:\users\zding\documents\workarea\from p1\factory\pcrprojalpha53factory2020-01\gradlg.cpp(4127): warning C4566: character represented by universal-character-name '\u8BD5' cannot be represented in the current code page (1252)
c:\users\zding\documents\workarea\from p1\factory\pcrprojalpha53factory2020-01\gradlg.cpp(4127): warning C4566: character represented by universal-character-name '\u901A' cannot be represented in the current code page (1252)
c:\users\zding\documents\workarea\from p1\factory\pcrprojalpha53factory2020-01\gradlg.cpp(4127): warning C4566: character represented by universal-character-name '\u8FC7' cannot be represented in the current code page (1252)
c:\users\zding\documents\workarea\from p1\factory\pcrprojalpha53factory2020-01\gradlg.cpp(4128): warning C4566: character represented by universal-character-name '\u6E29' cannot be represented in the current code page (1252)
c:\users\zding\documents\workarea\from p1\factory\pcrprojalpha53factory2020-01\gradlg.cpp(4128): warning C4566: character represented by universal-character-name '\u63A7' cannot be represented in the current code page (1252)
c:\users\zding\documents\workarea\from p1\factory\pcrprojalpha53factory2020-01\gradlg.cpp(4128): warning C4566: character represented by universal-character-name '\u6D4B' cannot be represented in the current code page (1252)
c:\users\zding\documents\workarea\from p1\factory\pcrprojalpha53factory2020-01\gradlg.cpp(4128): warning C4566: character represented by universal-character-name '\u8BD5' cannot be represented in the current code page (1252)
c:\users\zding\documents\workarea\from p1\factory\pcrprojalpha53factory2020-01\gradlg.cpp(4128): warning C4566: character represented by universal-character-name '\u4E0D' cannot be represented in the current code page (1252)
c:\users\zding\documents\workarea\from p1\factory\pcrprojalpha53factory2020-01\gradlg.cpp(4128): warning C4566: character represented by universal-character-name '\u901A' cannot be represented in the current code page (1252)
c:\users\zding\documents\workarea\from p1\factory\pcrprojalpha53factory2020-01\gradlg.cpp(4128): warning C4566: character represented by universal-character-name '\u8FC7' cannot be represented in the current code page (1252)
  IntTimeDlg.cpp
  json_reader.cpp
  json_value.cpp
  json_writer.cpp
  ManuDlg.cpp
  MathRound.cpp
c:\users\zding\documents\workarea\from p1\factory\pcrprojalpha53factory2020-01\mathround.cpp(10): warning C4244: 'argument': conversion from 'double' to 'float', possible loss of data
  OperationDlg.cpp
c:\users\zding\documents\workarea\from p1\factory\pcrprojalpha53factory2020-01\mathround.cpp(10): warning C4244: 'argument': conversion from 'double' to 'float', possible loss of data
c:\users\zding\documents\workarea\from p1\factory\pcrprojalpha53factory2020-01\operationdlg.cpp(1768): warning C4996: 'strcpy': This function or variable may be unsafe. Consider using strcpy_s instead. To disable deprecation, use _CRT_SECURE_NO_WARNINGS. See online help for details.
  c:\program files (x86)\windows kits\10\include\10.0.17763.0\ucrt\string.h(133): note: see declaration of 'strcpy'
c:\users\zding\documents\workarea\from p1\factory\pcrprojalpha53factory2020-01\operationdlg.cpp(2107): warning C4305: 'initializing': truncation from 'double' to 'float'
c:\users\zding\documents\workarea\from p1\factory\pcrprojalpha53factory2020-01\operationdlg.cpp(3070): warning C4305: 'initializing': truncation from 'double' to 'float'
c:\users\zding\documents\workarea\from p1\factory\pcrprojalpha53factory2020-01\operationdlg.cpp(3537): warning C4996: '_splitpath': This function or variable may be unsafe. Consider using _splitpath_s instead. To disable deprecation, use _CRT_SECURE_NO_WARNINGS. See online help for details.
  c:\program files (x86)\windows kits\10\include\10.0.17763.0\ucrt\stdlib.h(1112): note: see declaration of '_splitpath'
c:\users\zding\documents\workarea\from p1\factory\pcrprojalpha53factory2020-01\operationdlg.cpp(3663): warning C4996: 'Json::FastWriter': Use StreamWriterBuilder instead
  c:\users\zding\documents\workarea\from p1\factory\pcrprojalpha53factory2020-01\json\include\writer.h(163): note: see declaration of 'Json::FastWriter'
c:\users\zding\documents\workarea\from p1\factory\pcrprojalpha53factory2020-01\operationdlg.cpp(3663): warning C4996: 'Json::FastWriter::FastWriter': Use StreamWriterBuilder instead
  c:\users\zding\documents\workarea\from p1\factory\pcrprojalpha53factory2020-01\json\include\writer.h(165): note: see declaration of 'Json::FastWriter::FastWriter'
c:\users\zding\documents\workarea\from p1\factory\pcrprojalpha53factory2020-01\operationdlg.cpp(3665): warning C4996: 'Json::FastWriter::write': Use StreamWriterBuilder instead
  c:\users\zding\documents\workarea\from p1\factory\pcrprojalpha53factory2020-01\json\include\writer.h(180): note: see declaration of 'Json::FastWriter::write'
c:\users\zding\documents\workarea\from p1\factory\pcrprojalpha53factory2020-01\operationdlg.cpp(3682): warning C4996: '_splitpath': This function or variable may be unsafe. Consider using _splitpath_s instead. To disable deprecation, use _CRT_SECURE_NO_WARNINGS. See online help for details.
  c:\program files (x86)\windows kits\10\include\10.0.17763.0\ucrt\stdlib.h(1112): note: see declaration of '_splitpath'
c:\users\zding\documents\workarea\from p1\factory\pcrprojalpha53factory2020-01\operationdlg.cpp(3773): warning C4996: '_splitpath': This function or variable may be unsafe. Consider using _splitpath_s instead. To disable deprecation, use _CRT_SECURE_NO_WARNINGS. See online help for details.
  c:\program files (x86)\windows kits\10\include\10.0.17763.0\ucrt\stdlib.h(1112): note: see declaration of '_splitpath'
c:\users\zding\documents\workarea\from p1\factory\pcrprojalpha53factory2020-01\operationdlg.cpp(3827): warning C4996: 'Json::Reader': Use CharReader and CharReaderBuilder instead
  c:\users\zding\documents\workarea\from p1\factory\pcrprojalpha53factory2020-01\json\include\reader.h(35): note: see declaration of 'Json::Reader'
c:\users\zding\documents\workarea\from p1\factory\pcrprojalpha53factory2020-01\operationdlg.cpp(3827): warning C4996: 'Json::Reader::Reader': Use CharReader and CharReaderBuilder instead
  c:\users\zding\documents\workarea\from p1\factory\pcrprojalpha53factory2020-01\json\include\reader.h(55): note: see declaration of 'Json::Reader::Reader'
c:\users\zding\documents\workarea\from p1\factory\pcrprojalpha53factory2020-01\operationdlg.cpp(3836): warning C4996: 'Json::Reader::parse': Use CharReader and CharReaderBuilder instead
  c:\users\zding\documents\workarea\from p1\factory\pcrprojalpha53factory2020-01\json\include\reader.h(104): note: see declaration of 'Json::Reader::parse'
c:\users\zding\documents\workarea\from p1\factory\pcrprojalpha53factory2020-01\operationdlg.cpp(4014): warning C4101: 'y': unreferenced local variable
c:\users\zding\documents\workarea\from p1\factory\pcrprojalpha53factory2020-01\operationdlg.cpp(4014): warning C4101: 'x': unreferenced local variable
  OperationDlg2.cpp
  ParsaveDlg.cpp
  PCRProject.cpp
  PCRProjectDlg.cpp
c:\users\zding\documents\workarea\from p1\factory\pcrprojalpha53factory2020-01\pcrprojectdlg.cpp(736): warning C4566: character represented by universal-character-name '\u8BBE' cannot be represented in the current code page (1252)
c:\users\zding\documents\workarea\from p1\factory\pcrprojalpha53factory2020-01\pcrprojectdlg.cpp(736): warning C4566: character represented by universal-character-name '\u5907' cannot be represented in the current code page (1252)
c:\users\zding\documents\workarea\from p1\factory\pcrprojalpha53factory2020-01\pcrprojectdlg.cpp(736): warning C4566: character represented by universal-character-name '\u6CA1' cannot be represented in the current code page (1252)
c:\users\zding\documents\workarea\from p1\factory\pcrprojalpha53factory2020-01\pcrprojectdlg.cpp(736): warning C4566: character represented by universal-character-name '\u6709' cannot be represented in the current code page (1252)
c:\users\zding\documents\workarea\from p1\factory\pcrprojalpha53factory2020-01\pcrprojectdlg.cpp(736): warning C4566: character represented by universal-character-name '\u63A5' cannot be represented in the current code page (1252)
c:\users\zding\documents\workarea\from p1\factory\pcrprojalpha53factory2020-01\pcrprojectdlg.cpp(736): warning C4566: character represented by universal-character-name '\u4E0A' cannot be represented in the current code page (1252)
c:\users\zding\documents\workarea\from p1\factory\pcrprojalpha53factory2020-01\pcrprojectdlg.cpp(757): warning C4566: character represented by universal-character-name '\u8BBE' cannot be represented in the current code page (1252)
c:\users\zding\documents\workarea\from p1\factory\pcrprojalpha53factory2020-01\pcrprojectdlg.cpp(757): warning C4566: character represented by universal-character-name '\u5907' cannot be represented in the current code page (1252)
c:\users\zding\documents\workarea\from p1\factory\pcrprojalpha53factory2020-01\pcrprojectdlg.cpp(757): warning C4566: character represented by universal-character-name '\u63A5' cannot be represented in the current code page (1252)
c:\users\zding\documents\workarea\from p1\factory\pcrprojalpha53factory2020-01\pcrprojectdlg.cpp(757): warning C4566: character represented by universal-character-name '\u4E0A' cannot be represented in the current code page (1252)
c:\users\zding\documents\workarea\from p1\factory\pcrprojalpha53factory2020-01\pcrprojectdlg.cpp(757): warning C4566: character represented by universal-character-name '\u6210' cannot be represented in the current code page (1252)
c:\users\zding\documents\workarea\from p1\factory\pcrprojalpha53factory2020-01\pcrprojectdlg.cpp(757): warning C4566: character represented by universal-character-name '\u529F' cannot be represented in the current code page (1252)
c:\users\zding\documents\workarea\from p1\factory\pcrprojalpha53factory2020-01\pcrprojectdlg.cpp(770): warning C4566: character represented by universal-character-name '\u8BBE' cannot be represented in the current code page (1252)
c:\users\zding\documents\workarea\from p1\factory\pcrprojalpha53factory2020-01\pcrprojectdlg.cpp(770): warning C4566: character represented by universal-character-name '\u5907' cannot be represented in the current code page (1252)
c:\users\zding\documents\workarea\from p1\factory\pcrprojalpha53factory2020-01\pcrprojectdlg.cpp(770): warning C4566: character represented by universal-character-name '\u6CA1' cannot be represented in the current code page (1252)
c:\users\zding\documents\workarea\from p1\factory\pcrprojalpha53factory2020-01\pcrprojectdlg.cpp(770): warning C4566: character represented by universal-character-name '\u6709' cannot be represented in the current code page (1252)
c:\users\zding\documents\workarea\from p1\factory\pcrprojalpha53factory2020-01\pcrprojectdlg.cpp(770): warning C4566: character represented by universal-character-name '\u63A5' cannot be represented in the current code page (1252)
c:\users\zding\documents\workarea\from p1\factory\pcrprojalpha53factory2020-01\pcrprojectdlg.cpp(770): warning C4566: character represented by universal-character-name '\u4E0A' cannot be represented in the current code page (1252)
c:\users\zding\documents\workarea\from p1\factory\pcrprojalpha53factory2020-01\pcrprojectdlg.cpp(2215): warning C4566: character represented by universal-character-name '\u4E3B' cannot be represented in the current code page (1252)
c:\users\zding\documents\workarea\from p1\factory\pcrprojalpha53factory2020-01\pcrprojectdlg.cpp(2215): warning C4566: character represented by universal-character-name '\u63A7' cannot be represented in the current code page (1252)
c:\users\zding\documents\workarea\from p1\factory\pcrprojalpha53factory2020-01\pcrprojectdlg.cpp(2215): warning C4566: character represented by universal-character-name '\u754C' cannot be represented in the current code page (1252)
c:\users\zding\documents\workarea\from p1\factory\pcrprojalpha53factory2020-01\pcrprojectdlg.cpp(2215): warning C4566: character represented by universal-character-name '\u9762' cannot be represented in the current code page (1252)
c:\users\zding\documents\workarea\from p1\factory\pcrprojalpha53factory2020-01\pcrprojectdlg.cpp(2216): warning C4566: character represented by universal-character-name '\u56FE' cannot be represented in the current code page (1252)
c:\users\zding\documents\workarea\from p1\factory\pcrprojalpha53factory2020-01\pcrprojectdlg.cpp(2216): warning C4566: character represented by universal-character-name '\u50CF' cannot be represented in the current code page (1252)
c:\users\zding\documents\workarea\from p1\factory\pcrprojalpha53factory2020-01\pcrprojectdlg.cpp(2216): warning C4566: character represented by universal-character-name '\u63A7' cannot be represented in the current code page (1252)
c:\users\zding\documents\workarea\from p1\factory\pcrprojalpha53factory2020-01\pcrprojectdlg.cpp(2216): warning C4566: character represented by universal-character-name '\u5236' cannot be represented in the current code page (1252)
c:\users\zding\documents\workarea\from p1\factory\pcrprojalpha53factory2020-01\pcrprojectdlg.cpp(2217): warning C4566: character represented by universal-character-name '\u6E29' cannot be represented in the current code page (1252)
c:\users\zding\documents\workarea\from p1\factory\pcrprojalpha53factory2020-01\pcrprojectdlg.cpp(2217): warning C4566: character represented by universal-character-name '\u63A7' cannot be represented in the current code page (1252)
c:\users\zding\documents\workarea\from p1\factory\pcrprojalpha53factory2020-01\pcrprojectdlg.cpp(2217): warning C4566: character represented by universal-character-name '\u754C' cannot be represented in the current code page (1252)
c:\users\zding\documents\workarea\from p1\factory\pcrprojalpha53factory2020-01\pcrprojectdlg.cpp(2217): warning C4566: character represented by universal-character-name '\u9762' cannot be represented in the current code page (1252)
c:\users\zding\documents\workarea\from p1\factory\pcrprojalpha53factory2020-01\pcrprojectdlg.cpp(2311): warning C4566: character represented by universal-character-name '\u7CFB' cannot be represented in the current code page (1252)
c:\users\zding\documents\workarea\from p1\factory\pcrprojalpha53factory2020-01\pcrprojectdlg.cpp(2311): warning C4566: character represented by universal-character-name '\u7EDF' cannot be represented in the current code page (1252)
c:\users\zding\documents\workarea\from p1\factory\pcrprojalpha53factory2020-01\pcrprojectdlg.cpp(2311): warning C4566: character represented by universal-character-name '\u7F16' cannot be represented in the current code page (1252)
c:\users\zding\documents\workarea\from p1\factory\pcrprojalpha53factory2020-01\pcrprojectdlg.cpp(2311): warning C4566: character represented by universal-character-name '\u53F7' cannot be represented in the current code page (1252)
c:\users\zding\documents\workarea\from p1\factory\pcrprojalpha53factory2020-01\pcrprojectdlg.cpp(2323): warning C4566: character represented by universal-character-name '\u6587' cannot be represented in the current code page (1252)
c:\users\zding\documents\workarea\from p1\factory\pcrprojalpha53factory2020-01\pcrprojectdlg.cpp(2323): warning C4566: character represented by universal-character-name '\u4EF6' cannot be represented in the current code page (1252)
c:\users\zding\documents\workarea\from p1\factory\pcrprojalpha53factory2020-01\pcrprojectdlg.cpp(2359): warning C4566: character represented by universal-character-name '\u6587' cannot be represented in the current code page (1252)
c:\users\zding\documents\workarea\from p1\factory\pcrprojalpha53factory2020-01\pcrprojectdlg.cpp(2359): warning C4566: character represented by universal-character-name '\u4EF6' cannot be represented in the current code page (1252)
c:\users\zding\documents\workarea\from p1\factory\pcrprojalpha53factory2020-01\pcrprojectdlg.cpp(2359): warning C4566: character represented by universal-character-name '\u6CA1' cannot be represented in the current code page (1252)
c:\users\zding\documents\workarea\from p1\factory\pcrprojalpha53factory2020-01\pcrprojectdlg.cpp(2359): warning C4566: character represented by universal-character-name '\u6709' cannot be represented in the current code page (1252)
c:\users\zding\documents\workarea\from p1\factory\pcrprojalpha53factory2020-01\pcrprojectdlg.cpp(2359): warning C4566: character represented by universal-character-name '\u88C5' cannot be represented in the current code page (1252)
c:\users\zding\documents\workarea\from p1\factory\pcrprojalpha53factory2020-01\pcrprojectdlg.cpp(2359): warning C4566: character represented by universal-character-name '\u4E0A' cannot be represented in the current code page (1252)
c:\users\zding\documents\workarea\from p1\factory\pcrprojalpha53factory2020-01\pcrprojectdlg.cpp(2394): warning C4566: character represented by universal-character-name '\u7CFB' cannot be represented in the current code page (1252)
c:\users\zding\documents\workarea\from p1\factory\pcrprojalpha53factory2020-01\pcrprojectdlg.cpp(2394): warning C4566: character represented by universal-character-name '\u7EDF' cannot be represented in the current code page (1252)
c:\users\zding\documents\workarea\from p1\factory\pcrprojalpha53factory2020-01\pcrprojectdlg.cpp(2394): warning C4566: character represented by universal-character-name '\u7F16' cannot be represented in the current code page (1252)
c:\users\zding\documents\workarea\from p1\factory\pcrprojalpha53factory2020-01\pcrprojectdlg.cpp(2394): warning C4566: character represented by universal-character-name '\u53F7' cannot be represented in the current code page (1252)
c:\users\zding\documents\workarea\from p1\factory\pcrprojalpha53factory2020-01\pcrprojectdlg.cpp(2428): warning C4566: character represented by universal-character-name '\u7CFB' cannot be represented in the current code page (1252)
c:\users\zding\documents\workarea\from p1\factory\pcrprojalpha53factory2020-01\pcrprojectdlg.cpp(2428): warning C4566: character represented by universal-character-name '\u7EDF' cannot be represented in the current code page (1252)
c:\users\zding\documents\workarea\from p1\factory\pcrprojalpha53factory2020-01\pcrprojectdlg.cpp(2428): warning C4566: character represented by universal-character-name '\u7F16' cannot be represented in the current code page (1252)
c:\users\zding\documents\workarea\from p1\factory\pcrprojalpha53factory2020-01\pcrprojectdlg.cpp(2428): warning C4566: character represented by universal-character-name '\u53F7' cannot be represented in the current code page (1252)
c:\users\zding\documents\workarea\from p1\factory\pcrprojalpha53factory2020-01\pcrprojectdlg.cpp(2428): warning C4566: character represented by universal-character-name '\uFF1A' cannot be represented in the current code page (1252)
c:\users\zding\documents\workarea\from p1\factory\pcrprojalpha53factory2020-01\pcrprojectdlg.cpp(2428): warning C4566: character represented by universal-character-name '\u6D4B' cannot be represented in the current code page (1252)
c:\users\zding\documents\workarea\from p1\factory\pcrprojalpha53factory2020-01\pcrprojectdlg.cpp(2428): warning C4566: character represented by universal-character-name '\u8BD5' cannot be represented in the current code page (1252)
c:\users\zding\documents\workarea\from p1\factory\pcrprojalpha53factory2020-01\pcrprojectdlg.cpp(2428): warning C4566: character represented by universal-character-name '\u65F6' cannot be represented in the current code page (1252)
c:\users\zding\documents\workarea\from p1\factory\pcrprojalpha53factory2020-01\pcrprojectdlg.cpp(2428): warning C4566: character represented by universal-character-name '\u95F4' cannot be represented in the current code page (1252)
c:\users\zding\documents\workarea\from p1\factory\pcrprojalpha53factory2020-01\pcrprojectdlg.cpp(2428): warning C4566: character represented by universal-character-name '\u53CD' cannot be represented in the current code page (1252)
c:\users\zding\documents\workarea\from p1\factory\pcrprojalpha53factory2020-01\pcrprojectdlg.cpp(2428): warning C4566: character represented by universal-character-name '\u5E94' cannot be represented in the current code page (1252)
c:\users\zding\documents\workarea\from p1\factory\pcrprojalpha53factory2020-01\pcrprojectdlg.cpp(2428): warning C4566: character represented by universal-character-name '\u6C60' cannot be represented in the current code page (1252)
c:\users\zding\documents\workarea\from p1\factory\pcrprojalpha53factory2020-01\pcrprojectdlg.cpp(2428): warning C4566: character represented by universal-character-name '\u53CA' cannot be represented in the current code page (1252)
c:\users\zding\documents\workarea\from p1\factory\pcrprojalpha53factory2020-01\pcrprojectdlg.cpp(2428): warning C4566: character represented by universal-character-name '\u901A' cannot be represented in the current code page (1252)
c:\users\zding\documents\workarea\from p1\factory\pcrprojalpha53factory2020-01\pcrprojectdlg.cpp(2428): warning C4566: character represented by universal-character-name '\u9053' cannot be represented in the current code page (1252)
c:\users\zding\documents\workarea\from p1\factory\pcrprojalpha53factory2020-01\pcrprojectdlg.cpp(2429): warning C4566: character represented by universal-character-name '\u7CFB' cannot be represented in the current code page (1252)
c:\users\zding\documents\workarea\from p1\factory\pcrprojalpha53factory2020-01\pcrprojectdlg.cpp(2429): warning C4566: character represented by universal-character-name '\u7EDF' cannot be represented in the current code page (1252)
c:\users\zding\documents\workarea\from p1\factory\pcrprojalpha53factory2020-01\pcrprojectdlg.cpp(2429): warning C4566: character represented by universal-character-name '\u4E0B' cannot be represented in the current code page (1252)
c:\users\zding\documents\workarea\from p1\factory\pcrprojalpha53factory2020-01\pcrprojectdlg.cpp(2429): warning C4566: character represented by universal-character-name '\u4F4D' cannot be represented in the current code page (1252)
c:\users\zding\documents\workarea\from p1\factory\pcrprojalpha53factory2020-01\pcrprojectdlg.cpp(2429): warning C4566: character represented by universal-character-name '\u673A' cannot be represented in the current code page (1252)
c:\users\zding\documents\workarea\from p1\factory\pcrprojalpha53factory2020-01\pcrprojectdlg.cpp(2429): warning C4566: character represented by universal-character-name '\u7248' cannot be represented in the current code page (1252)
c:\users\zding\documents\workarea\from p1\factory\pcrprojalpha53factory2020-01\pcrprojectdlg.cpp(2429): warning C4566: character represented by universal-character-name '\u672C' cannot be represented in the current code page (1252)
c:\users\zding\documents\workarea\from p1\factory\pcrprojalpha53factory2020-01\pcrprojectdlg.cpp(2429): warning C4566: character represented by universal-character-name '\u7F16' cannot be represented in the current code page (1252)
c:\users\zding\documents\workarea\from p1\factory\pcrprojalpha53factory2020-01\pcrprojectdlg.cpp(2429): warning C4566: character represented by universal-character-name '\u53F7' cannot be represented in the current code page (1252)
c:\users\zding\documents\workarea\from p1\factory\pcrprojalpha53factory2020-01\pcrprojectdlg.cpp(2429): warning C4566: character represented by universal-character-name '\uFF1A' cannot be represented in the current code page (1252)
  RegDlg.cpp
  SerialNumDlg.cpp
  SystemConfig.cpp
  TempCtrlModel.cpp
c:\users\zding\documents\workarea\from p1\factory\pcrprojalpha53factory2020-01\tempctrlmodel.cpp(13): warning C4305: '=': truncation from 'double' to 'float'
c:\users\zding\documents\workarea\from p1\factory\pcrprojalpha53factory2020-01\tempctrlmodel.cpp(15): warning C4305: '=': truncation from 'double' to 'float'
c:\users\zding\documents\workarea\from p1\factory\pcrprojalpha53factory2020-01\tempctrlmodel.cpp(81): warning C4305: '*=': truncation from 'double' to 'float'
  Compiling...
  TrimDlg.cpp
c:\users\zding\documents\workarea\from p1\factory\pcrprojalpha53factory2020-01\mathround.cpp(10): warning C4244: 'argument': conversion from 'double' to 'float', possible loss of data
c:\users\zding\documents\workarea\from p1\factory\pcrprojalpha53factory2020-01\trimdlg.cpp(2595): warning C4101: 'p_index': unreferenced local variable
c:\users\zding\documents\workarea\from p1\factory\pcrprojalpha53factory2020-01\trimdlg.cpp(2971): warning C4566: character represented by universal-character-name '\u7CFB' cannot be represented in the current code page (1252)
c:\users\zding\documents\workarea\from p1\factory\pcrprojalpha53factory2020-01\trimdlg.cpp(2971): warning C4566: character represented by universal-character-name '\u7EDF' cannot be represented in the current code page (1252)
c:\users\zding\documents\workarea\from p1\factory\pcrprojalpha53factory2020-01\trimdlg.cpp(2971): warning C4566: character represented by universal-character-name '\u7F16' cannot be represented in the current code page (1252)
c:\users\zding\documents\workarea\from p1\factory\pcrprojalpha53factory2020-01\trimdlg.cpp(2971): warning C4566: character represented by universal-character-name '\u53F7' cannot be represented in the current code page (1252)
c:\users\zding\documents\workarea\from p1\factory\pcrprojalpha53factory2020-01\trimdlg.cpp(2971): warning C4566: character represented by universal-character-name '\uFF1A' cannot be represented in the current code page (1252)
c:\users\zding\documents\workarea\from p1\factory\pcrprojalpha53factory2020-01\trimdlg.cpp(2971): warning C4566: character represented by universal-character-name '\u6D4B' cannot be represented in the current code page (1252)
c:\users\zding\documents\workarea\from p1\factory\pcrprojalpha53factory2020-01\trimdlg.cpp(2971): warning C4566: character represented by universal-character-name '\u8BD5' cannot be represented in the current code page (1252)
c:\users\zding\documents\workarea\from p1\factory\pcrprojalpha53factory2020-01\trimdlg.cpp(2971): warning C4566: character represented by universal-character-name '\u65F6' cannot be represented in the current code page (1252)
c:\users\zding\documents\workarea\from p1\factory\pcrprojalpha53factory2020-01\trimdlg.cpp(2971): warning C4566: character represented by universal-character-name '\u95F4' cannot be represented in the current code page (1252)
c:\users\zding\documents\workarea\from p1\factory\pcrprojalpha53factory2020-01\trimdlg.cpp(2971): warning C4566: character represented by universal-character-name '\u53CD' cannot be represented in the current code page (1252)
c:\users\zding\documents\workarea\from p1\factory\pcrprojalpha53factory2020-01\trimdlg.cpp(2971): warning C4566: character represented by universal-character-name '\u5E94' cannot be represented in the current code page (1252)
c:\users\zding\documents\workarea\from p1\factory\pcrprojalpha53factory2020-01\trimdlg.cpp(2971): warning C4566: character represented by universal-character-name '\u6C60' cannot be represented in the current code page (1252)
c:\users\zding\documents\workarea\from p1\factory\pcrprojalpha53factory2020-01\trimdlg.cpp(2971): warning C4566: character represented by universal-character-name '\u53CA' cannot be represented in the current code page (1252)
c:\users\zding\documents\workarea\from p1\factory\pcrprojalpha53factory2020-01\trimdlg.cpp(2971): warning C4566: character represented by universal-character-name '\u901A' cannot be represented in the current code page (1252)
c:\users\zding\documents\workarea\from p1\factory\pcrprojalpha53factory2020-01\trimdlg.cpp(2971): warning C4566: character represented by universal-character-name '\u9053' cannot be represented in the current code page (1252)
  TrimReader.cpp
c:\users\zding\documents\workarea\from p1\factory\pcrprojalpha53factory2020-01\mathround.cpp(10): warning C4244: 'argument': conversion from 'double' to 'float', possible loss of data
  VersionShow.cpp
  Generating code
  All 4594 functions were compiled because no usable IPDB/IOBJ from previous compilation was found.
  Finished generating code
  PCRProject.vcxproj -> C:\Users\zding\Documents\WorkArea\From P1\Factory\PCRProjAlpha53Factory2020-01\Release\PCRProjectFactory.exe
