d:\zding\anit12\software\factory\pwm version\pcrprojalpha523factory51pwm\release\pcrproject.pch
d:\zding\anit12\software\factory\pwm version\pcrprojalpha523factory51pwm\release\vc141.pdb
d:\zding\anit12\software\factory\pwm version\pcrprojalpha523factory51pwm\release\stdafx.obj
d:\zding\anit12\software\factory\pwm version\pcrprojalpha523factory51pwm\release\chartstandardaxis.obj
d:\zding\anit12\software\factory\pwm version\pcrprojalpha523factory51pwm\release\chartserie.obj
d:\zding\anit12\software\factory\pwm version\pcrprojalpha523factory51pwm\release\chartscrollbar.obj
d:\zding\anit12\software\factory\pwm version\pcrprojalpha523factory51pwm\release\chartpointsserie.obj
d:\zding\anit12\software\factory\pwm version\pcrprojalpha523factory51pwm\release\chartlogarithmicaxis.obj
d:\zding\anit12\software\factory\pwm version\pcrprojalpha523factory51pwm\release\chartlineserie.obj
d:\zding\anit12\software\factory\pwm version\pcrprojalpha523factory51pwm\release\chartlegend.obj
d:\zding\anit12\software\factory\pwm version\pcrprojalpha523factory51pwm\release\chartgrid.obj
d:\zding\anit12\software\factory\pwm version\pcrprojalpha523factory51pwm\release\chartgradient.obj
d:\zding\anit12\software\factory\pwm version\pcrprojalpha523factory51pwm\release\chartganttserie.obj
d:\zding\anit12\software\factory\pwm version\pcrprojalpha523factory51pwm\release\chartfont.obj
d:\zding\anit12\software\factory\pwm version\pcrprojalpha523factory51pwm\release\chartdraglinecursor.obj
d:\zding\anit12\software\factory\pwm version\pcrprojalpha523factory51pwm\release\chartdatetimeaxis.obj
d:\zding\anit12\software\factory\pwm version\pcrprojalpha523factory51pwm\release\chartcursor.obj
d:\zding\anit12\software\factory\pwm version\pcrprojalpha523factory51pwm\release\chartctrl.obj
d:\zding\anit12\software\factory\pwm version\pcrprojalpha523factory51pwm\release\chartcrosshaircursor.obj
d:\zding\anit12\software\factory\pwm version\pcrprojalpha523factory51pwm\release\chartcandlestickserie.obj
d:\zding\anit12\software\factory\pwm version\pcrprojalpha523factory51pwm\release\chartbarserie.obj
d:\zding\anit12\software\factory\pwm version\pcrprojalpha523factory51pwm\release\chartaxislabel.obj
d:\zding\anit12\software\factory\pwm version\pcrprojalpha523factory51pwm\release\chartaxis.obj
d:\zding\anit12\software\factory\pwm version\pcrprojalpha523factory51pwm\release\trimdlg.obj
d:\zding\anit12\software\factory\pwm version\pcrprojalpha523factory51pwm\release\tempctrlmodel.obj
d:\zding\anit12\software\factory\pwm version\pcrprojalpha523factory51pwm\release\systemconfig.obj
d:\zding\anit12\software\factory\pwm version\pcrprojalpha523factory51pwm\release\regdlg.obj
d:\zding\anit12\software\factory\pwm version\pcrprojalpha523factory51pwm\release\pcrprojectdlg.obj
d:\zding\anit12\software\factory\pwm version\pcrprojalpha523factory51pwm\release\pcrproject.obj
d:\zding\anit12\software\factory\pwm version\pcrprojalpha523factory51pwm\release\parsavedlg.obj
d:\zding\anit12\software\factory\pwm version\pcrprojalpha523factory51pwm\release\operationdlg2.obj
d:\zding\anit12\software\factory\pwm version\pcrprojalpha523factory51pwm\release\operationdlg.obj
d:\zding\anit12\software\factory\pwm version\pcrprojalpha523factory51pwm\release\mathround.obj
d:\zding\anit12\software\factory\pwm version\pcrprojalpha523factory51pwm\release\manudlg.obj
d:\zding\anit12\software\factory\pwm version\pcrprojalpha523factory51pwm\release\json_writer.obj
d:\zding\anit12\software\factory\pwm version\pcrprojalpha523factory51pwm\release\json_value.obj
d:\zding\anit12\software\factory\pwm version\pcrprojalpha523factory51pwm\release\json_reader.obj
d:\zding\anit12\software\factory\pwm version\pcrprojalpha523factory51pwm\release\inttimedlg.obj
d:\zding\anit12\software\factory\pwm version\pcrprojalpha523factory51pwm\release\gradlg.obj
d:\zding\anit12\software\factory\pwm version\pcrprojalpha523factory51pwm\release\curveshow.obj
d:\zding\anit12\software\factory\pwm version\pcrprojalpha523factory51pwm\release\chartxyserie.obj
d:\zding\anit12\software\factory\pwm version\pcrprojalpha523factory51pwm\release\charttitle.obj
d:\zding\anit12\software\factory\pwm version\pcrprojalpha523factory51pwm\release\chartsurfaceserie.obj
d:\zding\anit12\software\factory\pwm version\pcrprojalpha523factory51pwm\release\versionshow.obj
d:\zding\anit12\software\factory\pwm version\pcrprojalpha523factory51pwm\release\trimreader.obj
d:\zding\anit12\software\factory\pwm version\pcrprojalpha523factory51pwm\release\pcrproject.exe
d:\zding\anit12\software\factory\pwm version\pcrprojalpha523factory51pwm\release\pcrproject.pdb
d:\zding\anit12\software\factory\pwm version\pcrprojalpha523factory51pwm\release\pcrproject.ipdb
d:\zding\anit12\software\factory\pwm version\pcrprojalpha523factory51pwm\release\pcrproject.iobj
d:\zding\anit12\software\factory\pwm version\pcrprojalpha523factory51pwm\release\pcrproject.res
d:\zding\anit12\software\factory\pwm version\pcrprojalpha523factory51pwm\release\pcrproject.tlog\cl.command.1.tlog
d:\zding\anit12\software\factory\pwm version\pcrprojalpha523factory51pwm\release\pcrproject.tlog\cl.read.1.tlog
d:\zding\anit12\software\factory\pwm version\pcrprojalpha523factory51pwm\release\pcrproject.tlog\cl.write.1.tlog
d:\zding\anit12\software\factory\pwm version\pcrprojalpha523factory51pwm\release\pcrproject.tlog\link.command.1.tlog
d:\zding\anit12\software\factory\pwm version\pcrprojalpha523factory51pwm\release\pcrproject.tlog\link.read.1.tlog
d:\zding\anit12\software\factory\pwm version\pcrprojalpha523factory51pwm\release\pcrproject.tlog\link.write.1.tlog
d:\zding\anit12\software\factory\pwm version\pcrprojalpha523factory51pwm\release\pcrproject.tlog\pcrproject.write.1u.tlog
d:\zding\anit12\software\factory\pwm version\pcrprojalpha523factory51pwm\release\pcrproject.tlog\rc.command.1.tlog
d:\zding\anit12\software\factory\pwm version\pcrprojalpha523factory51pwm\release\pcrproject.tlog\rc.read.1.tlog
d:\zding\anit12\software\factory\pwm version\pcrprojalpha523factory51pwm\release\pcrproject.tlog\rc.write.1.tlog
