c:\users\zding\documents\workarea\from p1\factory\pcrprojalpha53factory2020-01\release\pcrprojectfactory.pch
c:\users\zding\documents\workarea\from p1\factory\pcrprojalpha53factory2020-01\release\vc141.pdb
c:\users\zding\documents\workarea\from p1\factory\pcrprojalpha53factory2020-01\release\stdafx.obj
c:\users\zding\documents\workarea\from p1\factory\pcrprojalpha53factory2020-01\release\chartstandardaxis.obj
c:\users\zding\documents\workarea\from p1\factory\pcrprojalpha53factory2020-01\release\chartserie.obj
c:\users\zding\documents\workarea\from p1\factory\pcrprojalpha53factory2020-01\release\chartscrollbar.obj
c:\users\zding\documents\workarea\from p1\factory\pcrprojalpha53factory2020-01\release\chartpointsserie.obj
c:\users\zding\documents\workarea\from p1\factory\pcrprojalpha53factory2020-01\release\chartlogarithmicaxis.obj
c:\users\zding\documents\workarea\from p1\factory\pcrprojalpha53factory2020-01\release\chartlineserie.obj
c:\users\zding\documents\workarea\from p1\factory\pcrprojalpha53factory2020-01\release\chartlegend.obj
c:\users\zding\documents\workarea\from p1\factory\pcrprojalpha53factory2020-01\release\chartgrid.obj
c:\users\zding\documents\workarea\from p1\factory\pcrprojalpha53factory2020-01\release\chartgradient.obj
c:\users\zding\documents\workarea\from p1\factory\pcrprojalpha53factory2020-01\release\chartganttserie.obj
c:\users\zding\documents\workarea\from p1\factory\pcrprojalpha53factory2020-01\release\chartfont.obj
c:\users\zding\documents\workarea\from p1\factory\pcrprojalpha53factory2020-01\release\chartdraglinecursor.obj
c:\users\zding\documents\workarea\from p1\factory\pcrprojalpha53factory2020-01\release\chartdatetimeaxis.obj
c:\users\zding\documents\workarea\from p1\factory\pcrprojalpha53factory2020-01\release\chartcursor.obj
c:\users\zding\documents\workarea\from p1\factory\pcrprojalpha53factory2020-01\release\chartctrl.obj
c:\users\zding\documents\workarea\from p1\factory\pcrprojalpha53factory2020-01\release\chartcrosshaircursor.obj
c:\users\zding\documents\workarea\from p1\factory\pcrprojalpha53factory2020-01\release\chartcandlestickserie.obj
c:\users\zding\documents\workarea\from p1\factory\pcrprojalpha53factory2020-01\release\chartbarserie.obj
c:\users\zding\documents\workarea\from p1\factory\pcrprojalpha53factory2020-01\release\chartaxislabel.obj
c:\users\zding\documents\workarea\from p1\factory\pcrprojalpha53factory2020-01\release\chartaxis.obj
c:\users\zding\documents\workarea\from p1\factory\pcrprojalpha53factory2020-01\release\tempctrlmodel.obj
c:\users\zding\documents\workarea\from p1\factory\pcrprojalpha53factory2020-01\release\systemconfig.obj
c:\users\zding\documents\workarea\from p1\factory\pcrprojalpha53factory2020-01\release\serialnumdlg.obj
c:\users\zding\documents\workarea\from p1\factory\pcrprojalpha53factory2020-01\release\regdlg.obj
c:\users\zding\documents\workarea\from p1\factory\pcrprojalpha53factory2020-01\release\pcrprojectdlg.obj
c:\users\zding\documents\workarea\from p1\factory\pcrprojalpha53factory2020-01\release\pcrproject.obj
c:\users\zding\documents\workarea\from p1\factory\pcrprojalpha53factory2020-01\release\parsavedlg.obj
c:\users\zding\documents\workarea\from p1\factory\pcrprojalpha53factory2020-01\release\operationdlg2.obj
c:\users\zding\documents\workarea\from p1\factory\pcrprojalpha53factory2020-01\release\operationdlg.obj
c:\users\zding\documents\workarea\from p1\factory\pcrprojalpha53factory2020-01\release\mathround.obj
c:\users\zding\documents\workarea\from p1\factory\pcrprojalpha53factory2020-01\release\manudlg.obj
c:\users\zding\documents\workarea\from p1\factory\pcrprojalpha53factory2020-01\release\json_writer.obj
c:\users\zding\documents\workarea\from p1\factory\pcrprojalpha53factory2020-01\release\json_value.obj
c:\users\zding\documents\workarea\from p1\factory\pcrprojalpha53factory2020-01\release\json_reader.obj
c:\users\zding\documents\workarea\from p1\factory\pcrprojalpha53factory2020-01\release\inttimedlg.obj
c:\users\zding\documents\workarea\from p1\factory\pcrprojalpha53factory2020-01\release\gradlg.obj
c:\users\zding\documents\workarea\from p1\factory\pcrprojalpha53factory2020-01\release\curveshow.obj
c:\users\zding\documents\workarea\from p1\factory\pcrprojalpha53factory2020-01\release\chartxyserie.obj
c:\users\zding\documents\workarea\from p1\factory\pcrprojalpha53factory2020-01\release\charttitle.obj
c:\users\zding\documents\workarea\from p1\factory\pcrprojalpha53factory2020-01\release\chartsurfaceserie.obj
c:\users\zding\documents\workarea\from p1\factory\pcrprojalpha53factory2020-01\release\versionshow.obj
c:\users\zding\documents\workarea\from p1\factory\pcrprojalpha53factory2020-01\release\trimreader.obj
c:\users\zding\documents\workarea\from p1\factory\pcrprojalpha53factory2020-01\release\trimdlg.obj
c:\users\zding\documents\workarea\from p1\factory\pcrprojalpha53factory2020-01\release\pcrprojectfactory.exe
c:\users\zding\documents\workarea\from p1\factory\pcrprojalpha53factory2020-01\release\pcrprojectfactory.pdb
c:\users\zding\documents\workarea\from p1\factory\pcrprojalpha53factory2020-01\release\pcrprojectfactory.ipdb
c:\users\zding\documents\workarea\from p1\factory\pcrprojalpha53factory2020-01\release\pcrprojectfactory.iobj
c:\users\zding\documents\workarea\from p1\factory\pcrprojalpha53factory2020-01\release\pcrproject.res
c:\users\zding\documents\workarea\from p1\factory\pcrprojalpha53factory2020-01\release\pcrproject.tlog\cl.command.1.tlog
c:\users\zding\documents\workarea\from p1\factory\pcrprojalpha53factory2020-01\release\pcrproject.tlog\cl.read.1.tlog
c:\users\zding\documents\workarea\from p1\factory\pcrprojalpha53factory2020-01\release\pcrproject.tlog\cl.write.1.tlog
c:\users\zding\documents\workarea\from p1\factory\pcrprojalpha53factory2020-01\release\pcrproject.tlog\link.command.1.tlog
c:\users\zding\documents\workarea\from p1\factory\pcrprojalpha53factory2020-01\release\pcrproject.tlog\link.read.1.tlog
c:\users\zding\documents\workarea\from p1\factory\pcrprojalpha53factory2020-01\release\pcrproject.tlog\link.write.1.tlog
c:\users\zding\documents\workarea\from p1\factory\pcrprojalpha53factory2020-01\release\pcrproject.tlog\pcrproject.write.1u.tlog
c:\users\zding\documents\workarea\from p1\factory\pcrprojalpha53factory2020-01\release\pcrproject.tlog\rc.command.1.tlog
c:\users\zding\documents\workarea\from p1\factory\pcrprojalpha53factory2020-01\release\pcrproject.tlog\rc.read.1.tlog
c:\users\zding\documents\workarea\from p1\factory\pcrprojalpha53factory2020-01\release\pcrproject.tlog\rc.write.1.tlog
